This is pdfTeX, Version 3.1415926-2.5-1.40.14 (TeX Live 2013/Debian) (format=pdflatex 2015.8.20)  11 SEP 2015 20:46
entering extended mode
 restricted \write18 enabled.
 %&-line parsing enabled.
**thymio-localisation-icra.tex
(./thymio-localisation-icra.tex
LaTeX2e <2011/06/27>
Babel <3.9h> and hyphenation patterns for 78 languages loaded.
(./ieeeconf.cls

LaTeX Warning: You have requested document class `ieeeconf',
               but the document class provides `cssconf'.

Document Class: cssconf 2004/1/15 revision V1.6b by Pradeep Misra
\@IEEEtrantmpdimenA=\dimen102
\@IEEEtrantmpdimenB=\dimen103
\@IEEEtrantmpcountA=\count79
\@IEEEtrantmpcountB=\count80
\@IEEEtrantmptoksA=\toks14
LaTeX Font Info:    Try loading font information for OT1+ptm on input line 794.

(/usr/share/texlive/texmf-dist/tex/latex/psnfss/ot1ptm.fd
File: ot1ptm.fd 2001/06/04 font definitions for OT1/ptm.
)
\@IEEEnormalsizefontbaselineskip=\skip41

-- This is a 10 point document.
\normalsizebaselineskip=\skip42
\normaljot=\skip43
LaTeX Font Info:    Font shape `OT1/ptm/bx/n' in size <5> not available
(Font)              Font shape `OT1/ptm/b/n' tried instead on input line 1113.
LaTeX Font Info:    Font shape `OT1/ptm/bx/it' in size <5> not available
(Font)              Font shape `OT1/ptm/b/it' tried instead on input line 1113.

LaTeX Font Info:    Font shape `OT1/ptm/bx/n' in size <7> not available
(Font)              Font shape `OT1/ptm/b/n' tried instead on input line 1113.
LaTeX Font Info:    Font shape `OT1/ptm/bx/it' in size <7> not available
(Font)              Font shape `OT1/ptm/b/it' tried instead on input line 1113.

LaTeX Font Info:    Font shape `OT1/ptm/bx/n' in size <8> not available
(Font)              Font shape `OT1/ptm/b/n' tried instead on input line 1113.
LaTeX Font Info:    Font shape `OT1/ptm/bx/it' in size <8> not available
(Font)              Font shape `OT1/ptm/b/it' tried instead on input line 1113.

LaTeX Font Info:    Font shape `OT1/ptm/bx/n' in size <9> not available
(Font)              Font shape `OT1/ptm/b/n' tried instead on input line 1113.
LaTeX Font Info:    Font shape `OT1/ptm/bx/it' in size <9> not available
(Font)              Font shape `OT1/ptm/b/it' tried instead on input line 1113.

LaTeX Font Info:    Font shape `OT1/ptm/bx/n' in size <10> not available
(Font)              Font shape `OT1/ptm/b/n' tried instead on input line 1113.
LaTeX Font Info:    Font shape `OT1/ptm/bx/it' in size <10> not available
(Font)              Font shape `OT1/ptm/b/it' tried instead on input line 1113.

LaTeX Font Info:    Font shape `OT1/ptm/bx/n' in size <11> not available
(Font)              Font shape `OT1/ptm/b/n' tried instead on input line 1113.
LaTeX Font Info:    Font shape `OT1/ptm/bx/it' in size <11> not available
(Font)              Font shape `OT1/ptm/b/it' tried instead on input line 1113.

LaTeX Font Info:    Font shape `OT1/ptm/bx/n' in size <12> not available
(Font)              Font shape `OT1/ptm/b/n' tried instead on input line 1113.
LaTeX Font Info:    Font shape `OT1/ptm/bx/it' in size <12> not available
(Font)              Font shape `OT1/ptm/b/it' tried instead on input line 1113.

LaTeX Font Info:    Font shape `OT1/ptm/bx/n' in size <16> not available
(Font)              Font shape `OT1/ptm/b/n' tried instead on input line 1113.
LaTeX Font Info:    Font shape `OT1/ptm/bx/it' in size <16> not available
(Font)              Font shape `OT1/ptm/b/it' tried instead on input line 1113.

LaTeX Font Info:    Font shape `OT1/ptm/bx/n' in size <20> not available
(Font)              Font shape `OT1/ptm/b/n' tried instead on input line 1113.
LaTeX Font Info:    Font shape `OT1/ptm/bx/it' in size <20> not available
(Font)              Font shape `OT1/ptm/b/it' tried instead on input line 1113.

LaTeX Font Info:    Font shape `OT1/ptm/bx/n' in size <24> not available
(Font)              Font shape `OT1/ptm/b/n' tried instead on input line 1113.
LaTeX Font Info:    Font shape `OT1/ptm/bx/it' in size <24> not available
(Font)              Font shape `OT1/ptm/b/it' tried instead on input line 1113.

\IEEEilabelindentA=\dimen104
\IEEEilabelindentB=\dimen105
\IEEEilabelindent=\dimen106
\IEEEelabelindent=\dimen107
\IEEEdlabelindent=\dimen108
\labelindent=\dimen109
\IEEEiednormlabelsep=\dimen110
\IEEEiedmathlabelsep=\dimen111
\IEEEiedtopsep=\skip44
\c@section=\count81
\c@subsection=\count82
\c@subsubsection=\count83
\c@paragraph=\count84
\c@IEEEsubequation=\count85
\abovecaptionskip=\skip45
\belowcaptionskip=\skip46
\c@figure=\count86
\c@table=\count87
\@IEEEeqnnumcols=\count88
\@IEEEeqncolcnt=\count89
\@IEEEtmpitemindent=\dimen112
\c@biography=\count90
\@IEEEtranrubishbin=\box26
)
** ATTENTION: Overriding command lockouts (line 6).
** ATTENTION: Overriding IEEE standard margins (line 7).
(/usr/share/texlive/texmf-dist/tex/latex/ucs/ucs.sty
Package: ucs 2013/05/11 v2.2 UCS: Unicode input support

(/usr/share/texlive/texmf-dist/tex/latex/ucs/data/uni-global.def
File: uni-global.def 2013/05/13 UCS: Unicode global data
)
\uc@secondtry=\count91
\uc@combtoks=\toks15
\uc@combtoksb=\toks16
\uc@temptokena=\toks17
)
(/usr/share/texlive/texmf-dist/tex/latex/base/inputenc.sty
Package: inputenc 2008/03/30 v1.1d Input encoding file
\inpenc@prehook=\toks18
\inpenc@posthook=\toks19

(/usr/share/texlive/texmf-dist/tex/latex/ucs/utf8x.def
File: utf8x.def 2004/10/17 UCS: Input encoding UTF-8
))
(/usr/share/texlive/texmf-dist/tex/latex/graphics/graphicx.sty
Package: graphicx 1999/02/16 v1.0f Enhanced LaTeX Graphics (DPC,SPQR)

(/usr/share/texlive/texmf-dist/tex/latex/graphics/keyval.sty
Package: keyval 1999/03/16 v1.13 key=value parser (DPC)
\KV@toks@=\toks20
)
(/usr/share/texlive/texmf-dist/tex/latex/graphics/graphics.sty
Package: graphics 2009/02/05 v1.0o Standard LaTeX Graphics (DPC,SPQR)

(/usr/share/texlive/texmf-dist/tex/latex/graphics/trig.sty
Package: trig 1999/03/16 v1.09 sin cos tan (DPC)
)
(/usr/share/texlive/texmf-dist/tex/latex/latexconfig/graphics.cfg
File: graphics.cfg 2010/04/23 v1.9 graphics configuration of TeX Live
)
Package graphics Info: Driver file: pdftex.def on input line 91.

(/usr/share/texlive/texmf-dist/tex/latex/pdftex-def/pdftex.def
File: pdftex.def 2011/05/27 v0.06d Graphics/color for pdfTeX

(/usr/share/texlive/texmf-dist/tex/generic/oberdiek/infwarerr.sty
Package: infwarerr 2010/04/08 v1.3 Providing info/warning/error messages (HO)
)
(/usr/share/texlive/texmf-dist/tex/generic/oberdiek/ltxcmds.sty
Package: ltxcmds 2011/11/09 v1.22 LaTeX kernel commands for general use (HO)
)
\Gread@gobject=\count92
))
\Gin@req@height=\dimen113
\Gin@req@width=\dimen114
)
(/usr/share/texlive/texmf-dist/tex/latex/microtype/microtype.sty
Package: microtype 2013/05/23 v2.5a Micro-typographical refinements (RS)
\MT@toks=\toks21
\MT@count=\count93
LaTeX Info: Redefining \textls on input line 766.
\MT@outer@kern=\dimen115
LaTeX Info: Redefining \textmicrotypecontext on input line 1285.
\MT@listname@count=\count94

(/usr/share/texlive/texmf-dist/tex/latex/microtype/microtype-pdftex.def
File: microtype-pdftex.def 2013/05/23 v2.5a Definitions specific to pdftex (RS)

LaTeX Info: Redefining \lsstyle on input line 915.
LaTeX Info: Redefining \lslig on input line 915.
\MT@outer@space=\skip47
)
Package microtype Info: Loading configuration file microtype.cfg.

(/usr/share/texlive/texmf-dist/tex/latex/microtype/microtype.cfg
File: microtype.cfg 2013/05/23 v2.5a microtype main configuration file (RS)
))
(/usr/share/texlive/texmf-dist/tex/latex/amsmath/amsmath.sty
Package: amsmath 2013/01/14 v2.14 AMS math features
\@mathmargin=\skip48

For additional information on amsmath, use the `?' option.
(/usr/share/texlive/texmf-dist/tex/latex/amsmath/amstext.sty
Package: amstext 2000/06/29 v2.01

(/usr/share/texlive/texmf-dist/tex/latex/amsmath/amsgen.sty
File: amsgen.sty 1999/11/30 v2.0
\@emptytoks=\toks22
\ex@=\dimen116
))
(/usr/share/texlive/texmf-dist/tex/latex/amsmath/amsbsy.sty
Package: amsbsy 1999/11/29 v1.2d
\pmbraise@=\dimen117
)
(/usr/share/texlive/texmf-dist/tex/latex/amsmath/amsopn.sty
Package: amsopn 1999/12/14 v2.01 operator names
)
\inf@bad=\count95
LaTeX Info: Redefining \frac on input line 210.
\uproot@=\count96
\leftroot@=\count97
LaTeX Info: Redefining \overline on input line 306.
\classnum@=\count98
\DOTSCASE@=\count99
LaTeX Info: Redefining \ldots on input line 378.
LaTeX Info: Redefining \dots on input line 381.
LaTeX Info: Redefining \cdots on input line 466.
\Mathstrutbox@=\box27
\strutbox@=\box28
\big@size=\dimen118
LaTeX Font Info:    Redeclaring font encoding OML on input line 566.
LaTeX Font Info:    Redeclaring font encoding OMS on input line 567.
\macc@depth=\count100
\c@MaxMatrixCols=\count101
\dotsspace@=\muskip10
\c@parentequation=\count102
\dspbrk@lvl=\count103
\tag@help=\toks23
\row@=\count104
\column@=\count105
\maxfields@=\count106
\andhelp@=\toks24
\eqnshift@=\dimen119
\alignsep@=\dimen120
\tagshift@=\dimen121
\tagwidth@=\dimen122
\totwidth@=\dimen123
\lineht@=\dimen124
\@envbody=\toks25
\multlinegap=\skip49
\multlinetaggap=\skip50
\mathdisplay@stack=\toks26
LaTeX Info: Redefining \[ on input line 2665.
LaTeX Info: Redefining \] on input line 2666.
)
(/usr/share/texlive/texmf-dist/tex/latex/url/url.sty
\Urlmuskip=\muskip11
Package: url 2013/09/16  ver 3.4  Verb mode for urls, etc.
)
No file thymio-localisation-icra.aux.
\openout1 = `thymio-localisation-icra.aux'.

LaTeX Font Info:    Checking defaults for OML/cmm/m/it on input line 53.
LaTeX Font Info:    ... okay on input line 53.
LaTeX Font Info:    Checking defaults for T1/cmr/m/n on input line 53.
LaTeX Font Info:    ... okay on input line 53.
LaTeX Font Info:    Checking defaults for OT1/cmr/m/n on input line 53.
LaTeX Font Info:    ... okay on input line 53.
LaTeX Font Info:    Checking defaults for OMS/cmsy/m/n on input line 53.
LaTeX Font Info:    ... okay on input line 53.
LaTeX Font Info:    Checking defaults for OMX/cmex/m/n on input line 53.
LaTeX Font Info:    ... okay on input line 53.
LaTeX Font Info:    Checking defaults for U/cmr/m/n on input line 53.
LaTeX Font Info:    ... okay on input line 53.
(/usr/share/texlive/texmf-dist/tex/latex/ucs/ucsencs.def
File: ucsencs.def 2011/01/21 Fixes to fontencodings LGR, T3
)
(/usr/share/texlive/texmf-dist/tex/context/base/supp-pdf.mkii
[Loading MPS to PDF converter (version 2006.09.02).]
\scratchcounter=\count107
\scratchdimen=\dimen125
\scratchbox=\box29
\nofMPsegments=\count108
\nofMParguments=\count109
\everyMPshowfont=\toks27
\MPscratchCnt=\count110
\MPscratchDim=\dimen126
\MPnumerator=\count111
\makeMPintoPDFobject=\count112
\everyMPtoPDFconversion=\toks28
) (/usr/share/texlive/texmf-dist/tex/generic/oberdiek/pdftexcmds.sty
Package: pdftexcmds 2011/11/29 v0.20 Utility functions of pdfTeX for LuaTeX (HO
)

(/usr/share/texlive/texmf-dist/tex/generic/oberdiek/ifluatex.sty
Package: ifluatex 2010/03/01 v1.3 Provides the ifluatex switch (HO)
Package ifluatex Info: LuaTeX not detected.
)
(/usr/share/texlive/texmf-dist/tex/generic/oberdiek/ifpdf.sty
Package: ifpdf 2011/01/30 v2.3 Provides the ifpdf switch (HO)
Package ifpdf Info: pdfTeX in PDF mode is detected.
)
Package pdftexcmds Info: LuaTeX not detected.
Package pdftexcmds Info: \pdf@primitive is available.
Package pdftexcmds Info: \pdf@ifprimitive is available.
Package pdftexcmds Info: \pdfdraftmode found.
)
(/usr/share/texlive/texmf-dist/tex/latex/oberdiek/epstopdf-base.sty
Package: epstopdf-base 2010/02/09 v2.5 Base part for package epstopdf

(/usr/share/texlive/texmf-dist/tex/latex/oberdiek/grfext.sty
Package: grfext 2010/08/19 v1.1 Manage graphics extensions (HO)

(/usr/share/texlive/texmf-dist/tex/generic/oberdiek/kvdefinekeys.sty
Package: kvdefinekeys 2011/04/07 v1.3 Define keys (HO)
))
(/usr/share/texlive/texmf-dist/tex/latex/oberdiek/kvoptions.sty
Package: kvoptions 2011/06/30 v3.11 Key value format for package options (HO)

(/usr/share/texlive/texmf-dist/tex/generic/oberdiek/kvsetkeys.sty
Package: kvsetkeys 2012/04/25 v1.16 Key value parser (HO)

(/usr/share/texlive/texmf-dist/tex/generic/oberdiek/etexcmds.sty
Package: etexcmds 2011/02/16 v1.5 Avoid name clashes with e-TeX commands (HO)
Package etexcmds Info: Could not find \expanded.
(etexcmds)             That can mean that you are not using pdfTeX 1.50 or
(etexcmds)             that some package has redefined \expanded.
(etexcmds)             In the latter case, load this package earlier.
)))
Package grfext Info: Graphics extension search list:
(grfext)             [.png,.pdf,.jpg,.mps,.jpeg,.jbig2,.jb2,.PNG,.PDF,.JPG,.JPE
G,.JBIG2,.JB2,.eps]
(grfext)             \AppendGraphicsExtensions on input line 452.

(/usr/share/texlive/texmf-dist/tex/latex/latexconfig/epstopdf-sys.cfg
File: epstopdf-sys.cfg 2010/07/13 v1.3 Configuration of (r)epstopdf for TeX Liv
e
))
LaTeX Info: Redefining \microtypecontext on input line 53.
Package microtype Info: Generating PDF output.
Package microtype Info: Character protrusion enabled (level 2).
Package microtype Info: Using default protrusion set `alltext'.
Package microtype Info: Automatic font expansion enabled (level 2),
(microtype)             stretch: 20, shrink: 20, step: 1, non-selected.
Package microtype Info: Using default expansion set `basictext'.
Package microtype Info: No adjustment of tracking.
Package microtype Info: No adjustment of interword spacing.
Package microtype Info: No adjustment of character kerning.

(/usr/share/texlive/texmf-dist/tex/latex/microtype/mt-ptm.cfg
File: mt-ptm.cfg 2006/04/20 v1.7 microtype config. file: Times (RS)
)
LaTeX Font Info:    Calculating math sizes for size <11> on input line 55.

(/usr/share/texlive/texmf-dist/tex/latex/microtype/mt-cmr.cfg
File: mt-cmr.cfg 2013/05/19 v2.2 microtype config. file: Computer Modern Roman 
(RS)
)
(/usr/share/texlive/texmf-dist/tex/latex/ucs/data/uni-0.def
File: uni-0.def 2013/05/13 UCS: Unicode data U+0000..U+00FF
)
LaTeX Font Info:    Try loading font information for OT1+pcr on input line 55.

(/usr/share/texlive/texmf-dist/tex/latex/psnfss/ot1pcr.fd
File: ot1pcr.fd 2001/06/04 font definitions for OT1/pcr.
)
Package microtype Info: Loading generic settings for font family
(microtype)             `pcr' (encoding: OT1).
(microtype)             For optimal results, create family-specific settings.
(microtype)             See the microtype manual for details.

Underfull \hbox (badness 10000) in paragraph at lines 55--55
[][][]$[]$\OT1/ptm/m/n/8 (+20) Shiling Wang is with ETH Z[]urich
 []


Underfull \hbox (badness 10000) in paragraph at lines 55--55
[][][]$[]$\OT1/ptm/m/n/8 (+20) Fraucis Co-las is with IN-RIA Nancy Grand Est
 []


Underfull \hbox (badness 10000) in paragraph at lines 55--55
[][][]$[]$\OT1/ptm/m/n/8 (+20) Ming Liu is with City Uni-ver-sity of Hong Kong
 []


Underfull \hbox (badness 10000) in paragraph at lines 55--55
[][][]$[]$\OT1/ptm/m/n/8 (+20) Francesco Mon-dada is with Mobots, LSRO, EPFL
 []


Underfull \hbox (badness 10000) in paragraph at lines 55--55
[][][]$[]$\OT1/ptm/m/n/8 (+20) St[]ephane Mag-ne-nat is with Mobots, LSRO, EPFL

 []


LaTeX Warning: Citation `benitti2012explorin' on page 1 undefined on input line
 68.


LaTeX Warning: Citation `prorok2012low' on page 1 undefined on input line 97.


LaTeX Warning: Citation `' on page 1 undefined on input line 97.


LaTeX Warning: Citation `pinto2012localization' on page 1 undefined on input li
ne 99.


LaTeX Warning: Citation `magnenat2012arso' on page 1 undefined on input line 10
7.


LaTeX Warning: Citation `aseba2011tmech' on page 1 undefined on input line 107.



LaTeX Warning: Citation `riedo2013arso' on page 1 undefined on input line 107.


LaTeX Warning: Reference `fig:dataset' on page 1 undefined on input line 118.

<generated-figures/dataset.pdf, id=1, 321.19997pt x 321.19997pt>
File: generated-figures/dataset.pdf Graphic file (type pdf)

<use generated-figures/dataset.pdf>
Package pdftex.def Info: generated-figures/dataset.pdf used on input line 122.
(pdftex.def)             Requested size: 202.3529pt x 202.35706pt.
 [1{/var/lib/texmf/fonts/map/pdftex/updmap/pdftex.map}


]

LaTeX Warning: Reference `sec:mle' on page 2 undefined on input line 176.


LaTeX Warning: Citation `eliazar2004motionmodel' on page 2 undefined on input l
ine 180.


Overfull \hbox (8.24333pt too wide) detected at line 196
\OML/cmm/m/it/10 ^^V[] \OT1/cmr/m/n/10 = [] [][]
 []


LaTeX Warning: Reference `sec:mle' on page 2 undefined on input line 205.


LaTeX Warning: Citation `fox1999markov' on page 2 undefined on input line 210.


LaTeX Warning: Citation `dellaert1999monte' on page 2 undefined on input line 2
11.


Underfull \hbox (badness 1895) in paragraph at lines 230--234
\OT1/ptm/m/n/10 (+20) where $\OML/cmm/m/it/10 H[]$ \OT1/ptm/m/n/10 (+20) is the
 bi-nary en-tropy func-tion: $\OML/cmm/m/it/10 H[]\OT1/cmr/m/n/10 (\OML/cmm/m/i
t/10 p\OT1/cmr/m/n/10 ) =
 []


LaTeX Warning: Citation `laplace1820prob' on page 2 undefined on input line 238
.

[2 <./generated-figures/dataset.pdf>]
<figures/ml-whole_random_1-xy.pdf, id=80, 237.6008pt x 135.44101pt>
File: figures/ml-whole_random_1-xy.pdf Graphic file (type pdf)

<use figures/ml-whole_random_1-xy.pdf>
Package pdftex.def Info: figures/ml-whole_random_1-xy.pdf used on input line 27
8.
(pdftex.def)             Requested size: 237.6002pt x 135.44066pt.

<figures/ml-whole_random_1-theta.pdf, id=81, 237.6008pt x 135.44101pt>
File: figures/ml-whole_random_1-theta.pdf Graphic file (type pdf)

<use figures/ml-whole_random_1-theta.pdf>
Package pdftex.def Info: figures/ml-whole_random_1-theta.pdf used on input line
 279.
(pdftex.def)             Requested size: 237.6002pt x 135.44066pt.

<figures/ml-whole_random_2-xy.pdf, id=82, 237.6008pt x 135.44101pt>
File: figures/ml-whole_random_2-xy.pdf Graphic file (type pdf)

<use figures/ml-whole_random_2-xy.pdf>
Package pdftex.def Info: figures/ml-whole_random_2-xy.pdf used on input line 28
6.
(pdftex.def)             Requested size: 237.6002pt x 135.44066pt.

<figures/ml-whole_random_2-theta.pdf, id=83, 237.6008pt x 135.44101pt>
File: figures/ml-whole_random_2-theta.pdf Graphic file (type pdf)

<use figures/ml-whole_random_2-theta.pdf>
Package pdftex.def Info: figures/ml-whole_random_2-theta.pdf used on input line
 287.
(pdftex.def)             Requested size: 237.6002pt x 135.44066pt.

<figures/mcl-whole_random_1-xy.pdf, id=84, 237.6008pt x 135.44101pt>
File: figures/mcl-whole_random_1-xy.pdf Graphic file (type pdf)

<use figures/mcl-whole_random_1-xy.pdf>
Package pdftex.def Info: figures/mcl-whole_random_1-xy.pdf used on input line 2
94.
(pdftex.def)             Requested size: 237.6002pt x 135.44066pt.

<figures/mcl-whole_random_1-theta.pdf, id=85, 237.6008pt x 135.44101pt>
File: figures/mcl-whole_random_1-theta.pdf Graphic file (type pdf)

<use figures/mcl-whole_random_1-theta.pdf>
Package pdftex.def Info: figures/mcl-whole_random_1-theta.pdf used on input lin
e 295.
(pdftex.def)             Requested size: 237.6002pt x 135.44066pt.

<figures/mcl-whole_random_2-xy.pdf, id=86, 237.6008pt x 135.44101pt>
File: figures/mcl-whole_random_2-xy.pdf Graphic file (type pdf)

<use figures/mcl-whole_random_2-xy.pdf>
Package pdftex.def Info: figures/mcl-whole_random_2-xy.pdf used on input line 3
02.
(pdftex.def)             Requested size: 237.6002pt x 135.44066pt.

<figures/mcl-whole_random_2-theta.pdf, id=87, 237.6008pt x 135.44101pt>
File: figures/mcl-whole_random_2-theta.pdf Graphic file (type pdf)

<use figures/mcl-whole_random_2-theta.pdf>
Package pdftex.def Info: figures/mcl-whole_random_2-theta.pdf used on input lin
e 303.
(pdftex.def)             Requested size: 237.6002pt x 135.44066pt.


LaTeX Warning: Float too large for page by 9.97911pt on input line 310.


LaTeX Warning: Reference `fig:whole-runs-random12' on page 3 undefined on input
 line 312.

<figures/ml-small_runs_random_12-xy.pdf, id=88, 230.63728pt x 135.44101pt>
File: figures/ml-small_runs_random_12-xy.pdf Graphic file (type pdf)

<use figures/ml-small_runs_random_12-xy.pdf>
Package pdftex.def Info: figures/ml-small_runs_random_12-xy.pdf used on input l
ine 336.
(pdftex.def)             Requested size: 230.6367pt x 135.44066pt.

<figures/ml-small_runs_random_12-theta.pdf, id=89, 230.63728pt x 135.44101pt>
File: figures/ml-small_runs_random_12-theta.pdf Graphic file (type pdf)

<use figures/ml-small_runs_random_12-theta.pdf>
Package pdftex.def Info: figures/ml-small_runs_random_12-theta.pdf used on inpu
t line 337.
(pdftex.def)             Requested size: 230.6367pt x 135.44066pt.

<figures/mcl-small_runs_random_12-xy.pdf, id=90, 230.63728pt x 135.44101pt>
File: figures/mcl-small_runs_random_12-xy.pdf Graphic file (type pdf)

<use figures/mcl-small_runs_random_12-xy.pdf>
Package pdftex.def Info: figures/mcl-small_runs_random_12-xy.pdf used on input 
line 344.
(pdftex.def)             Requested size: 230.6367pt x 135.44066pt.

<figures/mcl-small_runs_random_12-theta.pdf, id=91, 230.63728pt x 135.44101pt>
File: figures/mcl-small_runs_random_12-theta.pdf Graphic file (type pdf)

<use figures/mcl-small_runs_random_12-theta.pdf>
Package pdftex.def Info: figures/mcl-small_runs_random_12-theta.pdf used on inp
ut line 345.
(pdftex.def)             Requested size: 230.6367pt x 135.44066pt.


LaTeX Warning: Reference `fig:small-runs' on page 3 undefined on input line 355
.


LaTeX Warning: Reference `sec:theoreticalconv' on page 3 undefined on input lin
e 357.

<figures/ml-whole_random_long-xy.pdf, id=92, 240.15723pt x 135.44101pt>
File: figures/ml-whole_random_long-xy.pdf Graphic file (type pdf)

<use figures/ml-whole_random_long-xy.pdf>
Package pdftex.def Info: figures/ml-whole_random_long-xy.pdf used on input line
 371.
(pdftex.def)             Requested size: 240.15663pt x 135.44066pt.

<figures/ml-whole_random_long-theta.pdf, id=93, 240.15723pt x 135.44101pt>
File: figures/ml-whole_random_long-theta.pdf Graphic file (type pdf)

<use figures/ml-whole_random_long-theta.pdf>
Package pdftex.def Info: figures/ml-whole_random_long-theta.pdf used on input l
ine 372.
(pdftex.def)             Requested size: 240.15663pt x 135.44066pt.

<figures/mcl-whole_random_long-xy.pdf, id=94, 240.15723pt x 135.44101pt>
File: figures/mcl-whole_random_long-xy.pdf Graphic file (type pdf)

<use figures/mcl-whole_random_long-xy.pdf>
Package pdftex.def Info: figures/mcl-whole_random_long-xy.pdf used on input lin
e 379.
(pdftex.def)             Requested size: 240.15663pt x 135.44066pt.

<figures/mcl-whole_random_long-theta.pdf, id=95, 240.15723pt x 135.44101pt>
File: figures/mcl-whole_random_long-theta.pdf Graphic file (type pdf)

<use figures/mcl-whole_random_long-theta.pdf>
Package pdftex.def Info: figures/mcl-whole_random_long-theta.pdf used on input 
line 380.
(pdftex.def)             Requested size: 240.15663pt x 135.44066pt.


LaTeX Warning: Reference `fig:whole-runs-random-long' on page 3 undefined on in
put line 389.

[3] [4 <./figures/ml-whole_random_1-xy.pdf> <./figures/ml-whole_random_1-theta.
pdf

pdfTeX warning: pdflatex (file ./figures/ml-whole_random_1-theta.pdf): PDF incl
usion: multiple pdfs with page group included in a single page
> <./figures/ml-whole_random_2-xy.pdf

pdfTeX warning: pdflatex (file ./figures/ml-whole_random_2-xy.pdf): PDF inclusi
on: multiple pdfs with page group included in a single page
> <./figures/ml-whole_random_2-theta.pdf

pdfTeX warning: pdflatex (file ./figures/ml-whole_random_2-theta.pdf): PDF incl
usion: multiple pdfs with page group included in a single page
> <./figures/mcl-whole_random_1-xy.pdf

pdfTeX warning: pdflatex (file ./figures/mcl-whole_random_1-xy.pdf): PDF inclus
ion: multiple pdfs with page group included in a single page
> <./figures/mcl-whole_random_1-theta.pdf

pdfTeX warning: pdflatex (file ./figures/mcl-whole_random_1-theta.pdf): PDF inc
lusion: multiple pdfs with page group included in a single page
> <./figures/mcl-whole_random_2-xy.pdf

pdfTeX warning: pdflatex (file ./figures/mcl-whole_random_2-xy.pdf): PDF inclus
ion: multiple pdfs with page group included in a single page
> <./figures/mcl-whole_random_2-theta.pdf

pdfTeX warning: pdflatex (file ./figures/mcl-whole_random_2-theta.pdf): PDF inc
lusion: multiple pdfs with page group included in a single page
>]
No file thymio-localisation-icra.bbl.

** Conference Paper **
Before submitting the final camera ready copy, remember to:

 1. Manually equalize the lengths of two columns on the last page
 of your paper;

 2. Ensure that any PostScript and/or PDF output post-processing
 uses only Type 1 fonts and that every step in the generation
 process uses the US letter (8.5in X 11in) paper size.

[5

 <./figures/ml-small_runs_random_12-xy.pdf> <./figures/ml-small_runs_random_12-
theta.pdf

pdfTeX warning: pdflatex (file ./figures/ml-small_runs_random_12-theta.pdf): PD
F inclusion: multiple pdfs with page group included in a single page
> <./figures/mcl-small_runs_random_12-xy.pdf

pdfTeX warning: pdflatex (file ./figures/mcl-small_runs_random_12-xy.pdf): PDF 
inclusion: multiple pdfs with page group included in a single page
> <./figures/mcl-small_runs_random_12-theta.pdf

pdfTeX warning: pdflatex (file ./figures/mcl-small_runs_random_12-theta.pdf): P
DF inclusion: multiple pdfs with page group included in a single page
>] [6 <./figures/ml-whole_random_long-xy.pdf> <./figures/ml-whole_random_long-t
heta.pdf

pdfTeX warning: pdflatex (file ./figures/ml-whole_random_long-theta.pdf): PDF i
nclusion: multiple pdfs with page group included in a single page
> <./figures/mcl-whole_random_long-xy.pdf

pdfTeX warning: pdflatex (file ./figures/mcl-whole_random_long-xy.pdf): PDF inc
lusion: multiple pdfs with page group included in a single page
> <./figures/mcl-whole_random_long-theta.pdf

pdfTeX warning: pdflatex (file ./figures/mcl-whole_random_long-theta.pdf): PDF 
inclusion: multiple pdfs with page group included in a single page
>] (./thymio-localisation-icra.aux)

LaTeX Warning: There were undefined references.


LaTeX Warning: Label(s) may have changed. Rerun to get cross-references right.

 ) 
Here is how much of TeX's memory you used:
 5409 strings out of 493304
 83544 string characters out of 6139871
 194656 words of memory out of 5000000
 8623 multiletter control sequences out of 15000+600000
 48643 words of font info for 189 fonts, out of 8000000 for 9000
 957 hyphenation exceptions out of 8191
 38i,16n,35p,717b,689s stack positions out of 5000i,500n,10000p,200000b,80000s
{/usr/share/texlive/texmf-dist/fonts/enc/dvips/base/8r.enc}</usr/share/texliv
e/texmf-dist/fonts/type1/public/amsfonts/cm/cmex10.pfb></usr/share/texlive/texm
f-dist/fonts/type1/public/amsfonts/cm/cmmi10.pfb></usr/share/texlive/texmf-dist
/fonts/type1/public/amsfonts/cm/cmmi5.pfb></usr/share/texlive/texmf-dist/fonts/
type1/public/amsfonts/cm/cmmi7.pfb></usr/share/texlive/texmf-dist/fonts/type1/p
ublic/amsfonts/cm/cmr10.pfb></usr/share/texlive/texmf-dist/fonts/type1/public/a
msfonts/cm/cmr5.pfb></usr/share/texlive/texmf-dist/fonts/type1/public/amsfonts/
cm/cmr6.pfb></usr/share/texlive/texmf-dist/fonts/type1/public/amsfonts/cm/cmr7.
pfb></usr/share/texlive/texmf-dist/fonts/type1/public/amsfonts/cm/cmr8.pfb></us
r/share/texlive/texmf-dist/fonts/type1/public/amsfonts/cm/cmsy10.pfb></usr/shar
e/texlive/texmf-dist/fonts/type1/public/amsfonts/cm/cmsy5.pfb></usr/share/texli
ve/texmf-dist/fonts/type1/public/amsfonts/cm/cmsy6.pfb></usr/share/texlive/texm
f-dist/fonts/type1/public/amsfonts/cm/cmsy7.pfb></usr/share/texlive/texmf-dist/
fonts/type1/urw/courier/ucrr8a.pfb></usr/share/texlive/texmf-dist/fonts/type1/u
rw/times/utmb8a.pfb></usr/share/texlive/texmf-dist/fonts/type1/urw/times/utmbi8
a.pfb></usr/share/texlive/texmf-dist/fonts/type1/urw/times/utmr8a.pfb></usr/sha
re/texlive/texmf-dist/fonts/type1/urw/times/utmri8a.pfb>
Output written on thymio-localisation-icra.pdf (6 pages, 1015216 bytes).
PDF statistics:
 696 PDF objects out of 1000 (max. 8388607)
 184 compressed objects within 2 object streams
 0 named destinations out of 1000 (max. 500000)
 25174 words of extra memory for PDF output out of 29859 (max. 10000000)

